Arguments: 
  C:\Program Files\nodejs\node.exe C:\Program Files\nodejs\node_modules\yarn\bin\yarn.js add @types/postcss-sorting -D

PATH: 
  C:\Program Files\Git\mingw64\bin;C:\Program Files\Git\usr\bin;C:\Users\admin\bin;C:\Windows\system32;C:\Windows;C:\Windows\System32\Wbem;C:\Windows\System32\WindowsPowerShell\v1.0;C:\Windows\System32\OpenSSH;C:\Program Files\Git\cmd;C:\ProgramData\chocolatey\bin;%NVM_HOME%;%NVM_SYMLINK%;C:\Users\admin\AppData\Local\Microsoft\WindowsApps;C:\Users\admin\AppData\Local\Programs\Microsoft VS Code\bin;C:\Users\admin\AppData\Roaming\nvm;C:\Program Files\nodejs;C:\Users\admin\.deno\bin

Yarn version: 
  1.22.10

Node version: 
  12.15.0

Platform: 
  win32 x64

Trace: 
  Error: http://npm-registry.qunhequnhe.com/@types%2fpostcss-sorting: Not found
      at Request.params.callback [as _callback] (C:\Users\admin\AppData\Roaming\nvm\v12.15.0\node_modules\yarn\lib\cli.js:66988:18)
      at Request.self.callback (C:\Users\admin\AppData\Roaming\nvm\v12.15.0\node_modules\yarn\lib\cli.js:140662:22)
      at Request.emit (events.js:223:5)
      at Request.<anonymous> (C:\Users\admin\AppData\Roaming\nvm\v12.15.0\node_modules\yarn\lib\cli.js:141634:10)
      at Request.emit (events.js:223:5)
      at IncomingMessage.<anonymous> (C:\Users\admin\AppData\Roaming\nvm\v12.15.0\node_modules\yarn\lib\cli.js:141556:12)
      at Object.onceWrapper (events.js:312:28)
      at IncomingMessage.emit (events.js:228:7)
      at endReadableNT (_stream_readable.js:1185:12)
      at processTicksAndRejections (internal/process/task_queues.js:81:21)

npm manifest: 
  {
    "name": "my-react-vite",
    "version": "0.0.0",
    "scripts": {
      "dev": "vite",
      "build": "tsc && vite build",
      "serve": "vite preview"
    },
    "dependencies": {
      "react": "^17.0.0",
      "react-dom": "^17.0.0"
    },
    "devDependencies": {
      "@types/node": "^14.14.24",
      "@types/react": "^17.0.0",
      "@types/react-dom": "^17.0.0",
      "@types/webpack": "^4.41.26",
      "@vitejs/plugin-react-refresh": "^1.1.0",
      "less": "^4.1.1",
      "postcss": "^8.2.6",
      "postcss-cli": "^8.3.1",
      "postcss-scss": "^3.0.4",
      "postcss-sorting": "^6.0.0",
      "sass": "^1.32.8",
      "scss": "^0.2.4",
      "typescript": "^4.1.2",
      "vite": "^2.0.0-beta.64",
      "webpack": "^5.23.0"
    }
  }

yarn manifest: 
  No manifest

Lockfile: 
  No lockfile
